<?xml version="1.0" encoding="UTF-8"?>
<testng-results skipped="0" failed="0" ignored="0" total="1" passed="1">
  <reporter-output>
  </reporter-output>
  <suite name="Default suite" duration-ms="8674" started-at="2023-12-20T09:59:03Z" finished-at="2023-12-20T09:59:11Z">
    <groups>
    </groups>
    <test name="Default test" duration-ms="8674" started-at="2023-12-20T09:59:03Z" finished-at="2023-12-20T09:59:11Z">
      <class name="com.synechron.automation.waits.ImplicitWaitDemo">
        <test-method status="PASS" signature="test()[pri:0, instance:com.synechron.automation.waits.ImplicitWaitDemo@59f99ea]" name="test" duration-ms="8636" started-at="2023-12-20T09:59:03Z" finished-at="2023-12-20T09:59:11Z">
          <reporter-output>
          </reporter-output>
        </test-method> <!-- test -->
      </class> <!-- com.synechron.automation.waits.ImplicitWaitDemo -->
    </test> <!-- Default test -->
  </suite> <!-- Default suite -->
</testng-results>
