<?xml version="1.0" encoding="UTF-8"?>
<testng-results skipped="0" failed="0" ignored="0" total="8" passed="8">
  <reporter-output>
  </reporter-output>
  <suite name="Default suite" duration-ms="44420" started-at="2023-12-21T09:47:14Z" finished-at="2023-12-21T09:47:58Z">
    <groups>
    </groups>
    <test name="Default test" duration-ms="44420" started-at="2023-12-21T09:47:14Z" finished-at="2023-12-21T09:47:58Z">
      <class name="testng.FormFillMultiUser">
        <test-method status="PASS" signature="createDriver()[pri:0, instance:testng.FormFillMultiUser@4883b407]" name="createDriver" is-config="true" duration-ms="3087" started-at="2023-12-21T09:47:14Z" finished-at="2023-12-21T09:47:17Z">
          <reporter-output>
          </reporter-output>
        </test-method> <!-- createDriver -->
        <test-method status="PASS" signature="setup()[pri:0, instance:testng.FormFillMultiUser@4883b407]" name="setup" is-config="true" duration-ms="3729" started-at="2023-12-21T09:47:17Z" finished-at="2023-12-21T09:47:21Z">
          <reporter-output>
          </reporter-output>
        </test-method> <!-- setup -->
        <test-method status="PASS" signature="createUser(java.lang.String, java.lang.String, java.lang.String)[pri:0, instance:testng.FormFillMultiUser@4883b407]" name="createUser" duration-ms="4530" started-at="2023-12-21T09:47:21Z" data-provider="formfillData" finished-at="2023-12-21T09:47:25Z">
          <params>
            <param index="0">
              <value>
                <![CDATA[user-fn1]]>
              </value>
            </param>
            <param index="1">
              <value>
                <![CDATA[user-ln1]]>
              </value>
            </param>
            <param index="2">
              <value>
                <![CDATA[user-jt1]]>
              </value>
            </param>
          </params>
          <reporter-output>
          </reporter-output>
        </test-method> <!-- createUser -->
        <test-method status="PASS" signature="setup()[pri:0, instance:testng.FormFillMultiUser@4883b407]" name="setup" is-config="true" duration-ms="270" started-at="2023-12-21T09:47:25Z" finished-at="2023-12-21T09:47:25Z">
          <reporter-output>
          </reporter-output>
        </test-method> <!-- setup -->
        <test-method status="PASS" signature="createUser(java.lang.String, java.lang.String, java.lang.String)[pri:0, instance:testng.FormFillMultiUser@4883b407]" name="createUser" duration-ms="4674" started-at="2023-12-21T09:47:25Z" data-provider="formfillData" finished-at="2023-12-21T09:47:30Z">
          <params>
            <param index="0">
              <value>
                <![CDATA[user-fn2]]>
              </value>
            </param>
            <param index="1">
              <value>
                <![CDATA[user-ln2]]>
              </value>
            </param>
            <param index="2">
              <value>
                <![CDATA[user-jt2]]>
              </value>
            </param>
          </params>
          <reporter-output>
          </reporter-output>
        </test-method> <!-- createUser -->
        <test-method status="PASS" signature="setup()[pri:0, instance:testng.FormFillMultiUser@4883b407]" name="setup" is-config="true" duration-ms="265" started-at="2023-12-21T09:47:30Z" finished-at="2023-12-21T09:47:30Z">
          <reporter-output>
          </reporter-output>
        </test-method> <!-- setup -->
        <test-method status="PASS" signature="createUser(java.lang.String, java.lang.String, java.lang.String)[pri:0, instance:testng.FormFillMultiUser@4883b407]" name="createUser" duration-ms="4395" started-at="2023-12-21T09:47:30Z" data-provider="formfillData" finished-at="2023-12-21T09:47:35Z">
          <params>
            <param index="0">
              <value>
                <![CDATA[user-fn3]]>
              </value>
            </param>
            <param index="1">
              <value>
                <![CDATA[user-ln3]]>
              </value>
            </param>
            <param index="2">
              <value>
                <![CDATA[user-jt3]]>
              </value>
            </param>
          </params>
          <reporter-output>
          </reporter-output>
        </test-method> <!-- createUser -->
        <test-method status="PASS" signature="setup()[pri:0, instance:testng.FormFillMultiUser@4883b407]" name="setup" is-config="true" duration-ms="262" started-at="2023-12-21T09:47:35Z" finished-at="2023-12-21T09:47:35Z">
          <reporter-output>
          </reporter-output>
        </test-method> <!-- setup -->
        <test-method status="PASS" signature="createUser(java.lang.String, java.lang.String, java.lang.String)[pri:0, instance:testng.FormFillMultiUser@4883b407]" name="createUser" duration-ms="4361" started-at="2023-12-21T09:47:35Z" data-provider="formfillData" finished-at="2023-12-21T09:47:39Z">
          <params>
            <param index="0">
              <value>
                <![CDATA[user-fn4]]>
              </value>
            </param>
            <param index="1">
              <value>
                <![CDATA[user-ln4]]>
              </value>
            </param>
            <param index="2">
              <value>
                <![CDATA[user-jt4]]>
              </value>
            </param>
          </params>
          <reporter-output>
          </reporter-output>
        </test-method> <!-- createUser -->
        <test-method status="PASS" signature="setup()[pri:0, instance:testng.FormFillMultiUser@4883b407]" name="setup" is-config="true" duration-ms="269" started-at="2023-12-21T09:47:39Z" finished-at="2023-12-21T09:47:40Z">
          <reporter-output>
          </reporter-output>
        </test-method> <!-- setup -->
        <test-method status="PASS" signature="createUser(java.lang.String, java.lang.String, java.lang.String)[pri:0, instance:testng.FormFillMultiUser@4883b407]" name="createUser" duration-ms="4489" started-at="2023-12-21T09:47:40Z" data-provider="formfillData" finished-at="2023-12-21T09:47:44Z">
          <params>
            <param index="0">
              <value>
                <![CDATA[user-fn5]]>
              </value>
            </param>
            <param index="1">
              <value>
                <![CDATA[user-ln5]]>
              </value>
            </param>
            <param index="2">
              <value>
                <![CDATA[user-jt5]]>
              </value>
            </param>
          </params>
          <reporter-output>
          </reporter-output>
        </test-method> <!-- createUser -->
        <test-method status="PASS" signature="setup()[pri:0, instance:testng.FormFillMultiUser@4883b407]" name="setup" is-config="true" duration-ms="266" started-at="2023-12-21T09:47:44Z" finished-at="2023-12-21T09:47:44Z">
          <reporter-output>
          </reporter-output>
        </test-method> <!-- setup -->
        <test-method status="PASS" signature="createUser(java.lang.String, java.lang.String, java.lang.String)[pri:0, instance:testng.FormFillMultiUser@4883b407]" name="createUser" duration-ms="4403" started-at="2023-12-21T09:47:44Z" data-provider="formfillData" finished-at="2023-12-21T09:47:49Z">
          <params>
            <param index="0">
              <value>
                <![CDATA[user-fn6]]>
              </value>
            </param>
            <param index="1">
              <value>
                <![CDATA[user-ln6]]>
              </value>
            </param>
            <param index="2">
              <value>
                <![CDATA[user-jt6]]>
              </value>
            </param>
          </params>
          <reporter-output>
          </reporter-output>
        </test-method> <!-- createUser -->
        <test-method status="PASS" signature="setup()[pri:0, instance:testng.FormFillMultiUser@4883b407]" name="setup" is-config="true" duration-ms="280" started-at="2023-12-21T09:47:49Z" finished-at="2023-12-21T09:47:49Z">
          <reporter-output>
          </reporter-output>
        </test-method> <!-- setup -->
        <test-method status="PASS" signature="createUser(java.lang.String, java.lang.String, java.lang.String)[pri:0, instance:testng.FormFillMultiUser@4883b407]" name="createUser" duration-ms="4378" started-at="2023-12-21T09:47:49Z" data-provider="formfillData" finished-at="2023-12-21T09:47:53Z">
          <params>
            <param index="0">
              <value>
                <![CDATA[user-fn7]]>
              </value>
            </param>
            <param index="1">
              <value>
                <![CDATA[user-ln7]]>
              </value>
            </param>
            <param index="2">
              <value>
                <![CDATA[user-jt7]]>
              </value>
            </param>
          </params>
          <reporter-output>
          </reporter-output>
        </test-method> <!-- createUser -->
        <test-method status="PASS" signature="setup()[pri:0, instance:testng.FormFillMultiUser@4883b407]" name="setup" is-config="true" duration-ms="266" started-at="2023-12-21T09:47:53Z" finished-at="2023-12-21T09:47:54Z">
          <reporter-output>
          </reporter-output>
        </test-method> <!-- setup -->
        <test-method status="PASS" signature="createUser(java.lang.String, java.lang.String, java.lang.String)[pri:0, instance:testng.FormFillMultiUser@4883b407]" name="createUser" duration-ms="4393" started-at="2023-12-21T09:47:54Z" data-provider="formfillData" finished-at="2023-12-21T09:47:58Z">
          <params>
            <param index="0">
              <value>
                <![CDATA[user-fn8]]>
              </value>
            </param>
            <param index="1">
              <value>
                <![CDATA[user-ln8]]>
              </value>
            </param>
            <param index="2">
              <value>
                <![CDATA[user-jt8]]>
              </value>
            </param>
          </params>
          <reporter-output>
          </reporter-output>
        </test-method> <!-- createUser -->
        <test-method status="PASS" signature="closeBrowser()[pri:0, instance:testng.FormFillMultiUser@4883b407]" name="closeBrowser" is-config="true" duration-ms="76" started-at="2023-12-21T09:47:58Z" finished-at="2023-12-21T09:47:58Z">
          <reporter-output>
          </reporter-output>
        </test-method> <!-- closeBrowser -->
      </class> <!-- testng.FormFillMultiUser -->
    </test> <!-- Default test -->
  </suite> <!-- Default suite -->
</testng-results>
