<?xml version="1.0" encoding="UTF-8"?>
<!-- Generated by org.testng.reporters.JUnitXMLReporter -->
<testsuite hostname="ARAVINDA-DELL-PERSONAL" ignored="0" name="Default test" tests="8" failures="0" timestamp="21 Dec 2023 09:47:58 GMT" time="44.42" errors="0">
  <testcase name="createUser" time="4.53" classname="testng.FormFillMultiUser"/>
  <testcase name="createUser" time="4.674" classname="testng.FormFillMultiUser"/>
  <testcase name="createUser" time="4.395" classname="testng.FormFillMultiUser"/>
  <testcase name="createUser" time="4.361" classname="testng.FormFillMultiUser"/>
  <testcase name="createUser" time="4.489" classname="testng.FormFillMultiUser"/>
  <testcase name="createUser" time="4.403" classname="testng.FormFillMultiUser"/>
  <testcase name="createUser" time="4.378" classname="testng.FormFillMultiUser"/>
  <testcase name="createUser" time="4.393" classname="testng.FormFillMultiUser"/>
</testsuite> <!-- Default test -->
